[dotenv@17.3.1] injecting env (3) from .env -- tip: ⚡️ secrets for agents: https://dotenvx.com/as2
authRoutes = [Function: router] {
  caseSensitive: undefined,
  mergeParams: undefined,
  params: {},
  strict: undefined,
  stack: [
    Layer {
      handle: [Function: handle],
      keys: [],
      name: 'handle',
      params: undefined,
      path: undefined,
      slash: false,
      matchers: [Array],
      route: [Route]
    }
  ]
}
userRoutes = [Function: router] {
  caseSensitive: undefined,
  mergeParams: undefined,
  params: {},
  strict: undefined,
  stack: [
    Layer {
      handle: [Function: handle],
      keys: [],
      name: 'handle',
      params: undefined,
      path: undefined,
      slash: false,
      matchers: [Array],
      route: [Route]
    },
    Layer {
      handle: [Function: handle],
      keys: [],
      name: 'handle',
      params: undefined,
      path: undefined,
      slash: false,
      matchers: [Array],
      route: [Route]
    }
  ]
}
DB error: Error: querySrv ECONNREFUSED _mongodb._tcp.cluster0.eqln2hq.mongodb.net
    at QueryReqWrap.onresolve [as oncomplete] (node:internal/dns/promises:294:17) {
  errno: undefined,
  code: 'ECONNREFUSED',
  syscall: 'querySrv',
  hostname: '_mongodb._tcp.cluster0.eqln2hq.mongodb.net'
}
